{"name":"firstTestMethod","status":"broken","statusDetails":{"known":false,"muted":false,"flaky":false,"message":"You must configure you classes using JUnit4/JUnit5/TestNG mechanism as documented in https://github.com/selenide/selenide/wiki/SoftAssertions","trace":"java.lang.IllegalStateException: You must configure you classes using JUnit4/JUnit5/TestNG mechanism as documented in https://github.com/selenide/selenide/wiki/SoftAssertions\r\n\tat com.codeborne.selenide.logevents.ErrorsCollector.validateAssertionMode(ErrorsCollector.java:79)\r\n\tat com.codeborne.selenide.impl.SelenideElementProxy.invoke(SelenideElementProxy.java:76)\r\n\tat com.sun.proxy.$Proxy5.should(Unknown Source)\r\n\tat Steps.FirstTaskSteps.putMaxPrice(FirstTaskSteps.java:31)\r\n\tat SwoopTest.firstTestMethod(SwoopTest.java:48)\r\n\tat sun.reflect.NativeMethodAccessorImpl.invoke0(Native Method)\r\n\tat sun.reflect.NativeMethodAccessorImpl.invoke(NativeMethodAccessorImpl.java:62)\r\n\tat sun.reflect.DelegatingMethodAccessorImpl.invoke(DelegatingMethodAccessorImpl.java:43)\r\n\tat java.lang.reflect.Method.invoke(Method.java:498)\r\n\tat org.testng.internal.MethodInvocationHelper.invokeMethod(MethodInvocationHelper.java:134)\r\n\tat org.testng.internal.TestInvoker.invokeMethod(TestInvoker.java:597)\r\n\tat org.testng.internal.TestInvoker.invokeTestMethod(TestInvoker.java:173)\r\n\tat org.testng.internal.MethodRunner.runInSequence(MethodRunner.java:46)\r\n\tat org.testng.internal.TestInvoker$MethodInvocationAgent.invoke(TestInvoker.java:816)\r\n\tat org.testng.internal.TestInvoker.invokeTestMethods(TestInvoker.java:146)\r\n\tat org.testng.internal.TestMethodWorker.invokeTestMethods(TestMethodWorker.java:146)\r\n\tat org.testng.internal.TestMethodWorker.run(TestMethodWorker.java:128)\r\n\tat java.util.ArrayList.forEach(ArrayList.java:1259)\r\n\tat org.testng.TestRunner.privateRun(TestRunner.java:766)\r\n\tat org.testng.TestRunner.run(TestRunner.java:587)\r\n\tat org.testng.SuiteRunner.runTest(SuiteRunner.java:384)\r\n\tat org.testng.SuiteRunner.runSequentially(SuiteRunner.java:378)\r\n\tat org.testng.SuiteRunner.privateRun(SuiteRunner.java:337)\r\n\tat org.testng.SuiteRunner.run(SuiteRunner.java:286)\r\n\tat org.testng.SuiteRunnerWorker.runSuite(SuiteRunnerWorker.java:53)\r\n\tat org.testng.SuiteRunnerWorker.run(SuiteRunnerWorker.java:96)\r\n\tat org.testng.TestNG.runSuitesSequentially(TestNG.java:1187)\r\n\tat org.testng.TestNG.runSuitesLocally(TestNG.java:1109)\r\n\tat org.testng.TestNG.runSuites(TestNG.java:1039)\r\n\tat org.testng.TestNG.run(TestNG.java:1007)\r\n\tat com.intellij.rt.testng.IDEARemoteTestNG.run(IDEARemoteTestNG.java:66)\r\n\tat com.intellij.rt.testng.RemoteTestNGStarter.main(RemoteTestNGStarter.java:109)\r\n"},"stage":"finished","steps":[{"name":"clickRelaxButton","status":"passed","stage":"finished","steps":[],"attachments":[],"parameters":[],"start":1674162865317,"stop":1674162867007},{"name":"filterByPrice","status":"passed","stage":"finished","steps":[],"attachments":[],"parameters":[],"start":1674162867008,"stop":1674162867037},{"name":"putMinPrice","status":"passed","stage":"finished","steps":[],"attachments":[],"parameters":[],"start":1674162867038,"stop":1674162867189},{"name":"putMaxPrice","status":"broken","statusDetails":{"known":false,"muted":false,"flaky":false,"message":"You must configure you classes using JUnit4/JUnit5/TestNG mechanism as documented in https://github.com/selenide/selenide/wiki/SoftAssertions","trace":"java.lang.IllegalStateException: You must configure you classes using JUnit4/JUnit5/TestNG mechanism as documented in https://github.com/selenide/selenide/wiki/SoftAssertions\r\n\tat com.codeborne.selenide.logevents.ErrorsCollector.validateAssertionMode(ErrorsCollector.java:79)\r\n\tat com.codeborne.selenide.impl.SelenideElementProxy.invoke(SelenideElementProxy.java:76)\r\n\tat com.sun.proxy.$Proxy5.should(Unknown Source)\r\n\tat Steps.FirstTaskSteps.putMaxPrice(FirstTaskSteps.java:31)\r\n\tat SwoopTest.firstTestMethod(SwoopTest.java:48)\r\n\tat sun.reflect.NativeMethodAccessorImpl.invoke0(Native Method)\r\n\tat sun.reflect.NativeMethodAccessorImpl.invoke(NativeMethodAccessorImpl.java:62)\r\n\tat sun.reflect.DelegatingMethodAccessorImpl.invoke(DelegatingMethodAccessorImpl.java:43)\r\n\tat java.lang.reflect.Method.invoke(Method.java:498)\r\n\tat org.testng.internal.MethodInvocationHelper.invokeMethod(MethodInvocationHelper.java:134)\r\n\tat org.testng.internal.TestInvoker.invokeMethod(TestInvoker.java:597)\r\n\tat org.testng.internal.TestInvoker.invokeTestMethod(TestInvoker.java:173)\r\n\tat org.testng.internal.MethodRunner.runInSequence(MethodRunner.java:46)\r\n\tat org.testng.internal.TestInvoker$MethodInvocationAgent.invoke(TestInvoker.java:816)\r\n\tat org.testng.internal.TestInvoker.invokeTestMethods(TestInvoker.java:146)\r\n\tat org.testng.internal.TestMethodWorker.invokeTestMethods(TestMethodWorker.java:146)\r\n\tat org.testng.internal.TestMethodWorker.run(TestMethodWorker.java:128)\r\n\tat java.util.ArrayList.forEach(ArrayList.java:1259)\r\n\tat org.testng.TestRunner.privateRun(TestRunner.java:766)\r\n\tat org.testng.TestRunner.run(TestRunner.java:587)\r\n\tat org.testng.SuiteRunner.runTest(SuiteRunner.java:384)\r\n\tat org.testng.SuiteRunner.runSequentially(SuiteRunner.java:378)\r\n\tat org.testng.SuiteRunner.privateRun(SuiteRunner.java:337)\r\n\tat org.testng.SuiteRunner.run(SuiteRunner.java:286)\r\n\tat org.testng.SuiteRunnerWorker.runSuite(SuiteRunnerWorker.java:53)\r\n\tat org.testng.SuiteRunnerWorker.run(SuiteRunnerWorker.java:96)\r\n\tat org.testng.TestNG.runSuitesSequentially(TestNG.java:1187)\r\n\tat org.testng.TestNG.runSuitesLocally(TestNG.java:1109)\r\n\tat org.testng.TestNG.runSuites(TestNG.java:1039)\r\n\tat org.testng.TestNG.run(TestNG.java:1007)\r\n\tat com.intellij.rt.testng.IDEARemoteTestNG.run(IDEARemoteTestNG.java:66)\r\n\tat com.intellij.rt.testng.RemoteTestNGStarter.main(RemoteTestNGStarter.java:109)\r\n"},"stage":"finished","steps":[],"attachments":[],"parameters":[],"start":1674162867189,"stop":1674162867196}],"attachments":[],"parameters":[],"start":1674162857545,"stop":1674162867201,"uuid":"fadba9a3-a8f9-4191-a6da-36f5c979447d","historyId":"76aa5a521d71a010c91fe72cfb8077cd","fullName":"SwoopTest.firstTestMethod","labels":[{"name":"package","value":"SwoopTest"},{"name":"testClass","value":"SwoopTest"},{"name":"testMethod","value":"firstTestMethod"},{"name":"parentSuite","value":"Default Suite"},{"name":"suite","value":"ProjectSwoop2"},{"name":"subSuite","value":"SwoopTest"},{"name":"host","value":"DESKTOP-L67T781"},{"name":"thread","value":"17800@DESKTOP-L67T781.main(1)"},{"name":"framework","value":"testng"},{"name":"language","value":"java"}],"links":[]}